<?xml version="1.0" encoding="UTF-8"?>
<!-- Generated by org.testng.reporters.JUnitXMLReporter -->
<testsuite ignored="0" hostname="DESKTOP-BDAFN5M" failures="1" tests="1" name="Verifying fan pages" time="49.471" errors="0" timestamp="2022-03-26T22:23:05 IST">
  <testcase classname="runner.TC003_VerfiyFanPagesWorking" name="verifyFanPages" time="48.023">
    <failure type="java.lang.AssertionError" message="expected [true] but found [false]">
      <![CDATA[java.lang.AssertionError: expected [true] but found [false]
at runner.TC003_VerfiyFanPagesWorking.verifyFanPages(TC003_VerfiyFanPagesWorking.java:86)
at java.base/java.util.ArrayList.forEach(ArrayList.java:1511)
... Removed 31 stack frames]]>
    </failure>
  </testcase> <!-- verifyFanPages -->
</testsuite> <!-- Verifying fan pages -->
